<?xml version="1.0" encoding="UTF-8"?>
<testsuite name="co.com.mercadolibre.runners.SearchProductsOutLineRunner" tests="0" skipped="0" failures="0" errors="0" timestamp="1970-01-01T00:00:00" hostname="DESKTOP-P3OGUBB" time="0.0">
  <properties/>
  <system-out><![CDATA[
?[31mFailed scenarios:?[0m
?[31msrc/test/resources/co.com.mercadolibre.features/searchproductoutline.feature:13 ?[0m# Buscar productosaudifonos xiaomi

5 Scenarios (?[31m1 failed?[0m, ?[32m4 passed?[0m)
15 Steps (?[31m1 failed?[0m, ?[32m14 passed?[0m)
2m35,188s

java.lang.AssertionError: 
Expected: "Audífonos in-ear inalámbricos Xiaomi Redmi AirDots negro"
     but: was "Audífonos in-ear gamer inalámbricos Xiaomi Redmi Buds 3 Lite negro"
	at net.serenitybdd.screenplay.ErrorTally.throwSummaryExceptionFrom(ErrorTally.java:36)
	at net.serenitybdd.screenplay.ErrorTally.reportAnyErrors(ErrorTally.java:30)
	at net.serenitybdd.screenplay.Actor.should(Actor.java:301)
	at co.com.mercadolibre.stepDefinitions.SearchProductsOutLineStepDefinition.validoElNombreDelProducto(SearchProductsOutLineStepDefinition.java:45)
	at ?.valido el nombre del producto Audífonos in-ear inalámbricos Xiaomi Redmi AirDots negro(src/test/resources/co.com.mercadolibre.features/searchproductoutline.feature:7)

]]></system-out>
  <system-err><![CDATA[[Test worker] INFO net.thucydides.core.steps.ConsoleLoggingListener - Test Suite Started: Busqueda productos en mercado libre
[Test worker] INFO net.thucydides.core.steps.ConsoleLoggingListener - 
 _____ _____ ____ _____   ____ _____  _    ____ _____ _____ ____  
|_   _| ____/ ___|_   _| / ___|_   _|/ \  |  _ \_   _| ____|  _ \ 
  | | |  _| \___ \ | |   \___ \ | | / _ \ | |_) || | |  _| | | | |
  | | | |___ ___) || |    ___) || |/ ___ \|  _ < | | | |___| |_| |
  |_| |_____|____/ |_|   |____/ |_/_/   \_\_| \_\|_| |_____|____/ 
                                                                  

TEST STARTED: Buscar productosteclado logitech pop
-------------------------------------------------------------------(busqueda-productos-en-mercado-libre;buscar-productosteclado-logitech-pop)
]]></system-err>
</testsuite>
