<?xml version="1.0" encoding="UTF-8"?>
<testsuite name="co.com.mercadolibre.runners.SearchProductsBackgroundRunner" tests="0" skipped="0" failures="0" errors="0" timestamp="1970-01-01T00:00:00" hostname="DESKTOP-P3OGUBB" time="0.0">
  <properties/>
  <system-out><![CDATA[
?[31mFailed scenarios:?[0m
?[31msrc/test/resources/co.com.mercadolibre.features/busquedaproductobackground.feature:7 ?[0m# Busqueda productos en mercado libre

3 Scenarios (?[31m1 failed?[0m, ?[32m2 passed?[0m)
9 Steps (?[31m1 failed?[0m, ?[32m8 passed?[0m)
1m32,722s

java.lang.AssertionError: 
Expected: "Rex Dinosaurio Toy Story, Rex Original Disney Store."
     but: was "Dinosaurio Rex Interactivo Toy Story Original De Disney"
	at net.serenitybdd.screenplay.ErrorTally.throwSummaryExceptionFrom(ErrorTally.java:36)
	at net.serenitybdd.screenplay.ErrorTally.reportAnyErrors(ErrorTally.java:30)
	at net.serenitybdd.screenplay.Actor.should(Actor.java:301)
	at co.com.mercadolibre.stepDefinitions.SearchProductsBackgroundStepDefinitions.validoElProducto(SearchProductsBackgroundStepDefinitions.java:36)
	at ?.valido el producto(src/test/resources/co.com.mercadolibre.features/busquedaproductobackground.feature:11)

]]></system-out>
  <system-err><![CDATA[[Test worker] INFO net.thucydides.core.steps.ConsoleLoggingListener - Test Suite Started: busqueda de productos de mercado libre
[Test worker] INFO net.thucydides.core.steps.ConsoleLoggingListener - 
 _____ _____ ____ _____   ____ _____  _    ____ _____ _____ ____  
|_   _| ____/ ___|_   _| / ___|_   _|/ \  |  _ \_   _| ____|  _ \ 
  | | |  _| \___ \ | |   \___ \ | | / _ \ | |_) || | |  _| | | | |
  | | | |___ ___) || |    ___) || |/ ___ \|  _ < | | | |___| |_| |
  |_| |_____|____/ |_|   |____/ |_/_/   \_\_| \_\|_| |_____|____/ 
                                                                  

TEST STARTED: Busqueda productos en mercado libre
-------------------------------------------------------------------(busqueda-de-productos-de-mercado-libre;busqueda-productos-en-mercado-libre)
]]></system-err>
</testsuite>
